[2024-03-10T10:00:00] init: project bootstrap
[2024-03-22T10:00:00] feat: add requirements file
[2024-04-26T10:00:00] chore: update dependencies for security
[2024-05-16T10:00:00] style: improve chart readability
[2024-06-02T10:00:00] docs: update installation guide
[2024-06-25T10:00:00] test: add unit tests for data loader
[2024-07-17T10:00:00] fix: edge case in transaction categorization
[2024-08-03T10:00:00] chore: package updates
[2024-08-24T10:00:00] fix: mobile responsive layout issues
[2024-09-11T10:00:00] style: improve chart readability
[2024-09-26T10:00:00] chore: update dependencies for security
[2024-10-11T10:00:00] docs: update installation guide
[2024-10-26T10:00:00] fix: mobile responsive layout issues
[2024-11-17T10:00:00] ui: refine sidebar layout
[2024-12-02T10:00:00] fix: edge case in transaction categorization
[2024-12-19T10:00:00] feat: introduce basic KPI metrics
[2025-01-05T10:00:00] refactor: optimize data processing pipeline
[2025-01-21T10:00:00] ui: refine sidebar layout
[2025-02-05T10:00:00] feat: introduce basic KPI metrics
[2025-02-27T10:00:00] fix: edge case in transaction categorization
[2025-03-19T10:00:00] feat: introduce basic KPI metrics
[2025-04-08T10:00:00] ui: refine sidebar layout
[2025-05-01T10:00:00] feat: add support for multiple currencies
[2025-05-22T10:00:00] fix: mobile responsive layout issues
[2025-06-11T10:00:00] test: add unit tests for data loader
[2025-06-30T10:00:00] fix: mobile responsive layout issues
[2025-07-20T10:00:00] fix: edge case in transaction categorization
[2025-08-07T10:00:00] perf: optimize memory usage for large datasets
[2025-08-30T10:00:00] fix: mobile responsive layout issues
[2025-09-22T10:00:00] style: improve chart readability
[2025-10-09T10:00:00] ui: refine sidebar layout
[2025-11-03T10:00:00] refactor: optimize data processing pipeline
[2025-11-21T10:00:00] chore: package updates
[2025-12-15T10:00:00] feat: introduce basic KPI metrics
[2026-01-15T09:00:00] chore: stabilize project release configuration
[2026-02-10T11:30:00] feat: finalize core services and UI components
